# JRE version: OpenJDK Runtime Environment (8.0_181-b13) (build 1.8.0_181-8u181-b13-2~deb9u1-b13)
# Java VM: OpenJDK 64-Bit Server VM (25.181-b13 mixed mode linux-amd64 compressed oops)
Heap:
 PSYoungGen      total 987648K, used 12393K [0x0000000781800000, 0x00000007c0000000, 0x00000007c0000000)
  eden space 968704K, 1% used [0x0000000781800000,0x000000078241a480,0x00000007bca00000)
  from space 18944K, 0% used [0x00000007bed80000,0x00000007bed80000,0x00000007c0000000)
  to   space 27648K, 0% used [0x00000007bca00000,0x00000007bca00000,0x00000007be500000)
 ParOldGen       total 2048000K, used 787986K [0x0000000704800000, 0x0000000781800000, 0x0000000781800000)
  object space 2048000K, 38% used [0x0000000704800000,0x00000007349848e8,0x0000000781800000)
 Metaspace       used 54117K, capacity 59425K, committed 59688K, reserved 1099776K
  class space    used 7177K, capacity 8457K, committed 8488K, reserved 1048576K
GC Heap History (10 events):
Event: 91025.150 GC heap before
{Heap before GC invocations=11729 (full 9):
 PSYoungGen      total 1004544K, used 990144K [0x0000000781800000, 0x00000007c0000000, 0x00000007c0000000)
  eden space 985600K, 100% used [0x0000000781800000,0x00000007bda80000,0x00000007bda80000)
  from space 18944K, 23% used [0x00000007bda80000,0x00000007bdef0048,0x00000007bed00000)
  to   space 19456K, 0% used [0x00000007bed00000,0x00000007bed00000,0x00000007c0000000)
 ParOldGen       total 2048000K, used 1994910K [0x0000000704800000, 0x0000000781800000, 0x0000000781800000)
  object space 2048000K, 97% used [0x0000000704800000,0x000000077e427bd8,0x0000000781800000)
 Metaspace       used 54116K, capacity 59421K, committed 59688K, reserved 1099776K
  class space    used 7177K, capacity 8457K, committed 8488K, reserved 1048576K
Event: 91025.170 GC heap after
Heap after GC invocations=11729 (full 9):
 PSYoungGen      total 1004544K, used 3840K [0x0000000781800000, 0x00000007c0000000, 0x00000007c0000000)
  eden space 985088K, 0% used [0x0000000781800000,0x0000000781800000,0x00000007bda00000)
  from space 19456K, 19% used [0x00000007bed00000,0x00000007bf0c00a8,0x00000007c0000000)
  to   space 19456K, 0% used [0x00000007bda00000,0x00000007bda00000,0x00000007bed00000)
 ParOldGen       total 2048000K, used 1995534K [0x0000000704800000, 0x0000000781800000, 0x0000000781800000)
  object space 2048000K, 97% used [0x0000000704800000,0x000000077e4c3bd8,0x0000000781800000)
 Metaspace       used 54116K, capacity 59421K, committed 59688K, reserved 1099776K
  class space    used 7177K, capacity 8457K, committed 8488K, reserved 1048576K
}
Event: 91031.739 GC heap before
{Heap before GC invocations=11730 (full 9):
 PSYoungGen      total 1004544K, used 988928K [0x0000000781800000, 0x00000007c0000000, 0x00000007c0000000)
  eden space 985088K, 100% used [0x0000000781800000,0x00000007bda00000,0x00000007bda00000)
  from space 19456K, 19% used [0x00000007bed00000,0x00000007bf0c00a8,0x00000007c0000000)
  to   space 19456K, 0% used [0x00000007bda00000,0x00000007bda00000,0x00000007bed00000)
 ParOldGen       total 2048000K, used 1995534K [0x0000000704800000, 0x0000000781800000, 0x0000000781800000)
  object space 2048000K, 97% used [0x0000000704800000,0x000000077e4c3bd8,0x0000000781800000)
 Metaspace       used 54116K, capacity 59421K, committed 59688K, reserved 1099776K
  class space    used 7177K, capacity 8457K, committed 8488K, reserved 1048576K
Event: 91031.759 GC heap after
Heap after GC invocations=11730 (full 9):
 PSYoungGen      total 1004544K, used 4832K [0x0000000781800000, 0x00000007c0000000, 0x00000007c0000000)
  eden space 985088K, 0% used [0x0000000781800000,0x0000000781800000,0x00000007bda00000)
  from space 19456K, 24% used [0x00000007bda00000,0x00000007bdeb80d8,0x00000007bed00000)
  to   space 18944K, 0% used [0x00000007bed80000,0x00000007bed80000,0x00000007c0000000)
 ParOldGen       total 2048000K, used 1995534K [0x0000000704800000, 0x0000000781800000, 0x0000000781800000)
  object space 2048000K, 97% used [0x0000000704800000,0x000000077e4c3bd8,0x0000000781800000)
 Metaspace       used 54116K, capacity 59421K, committed 59688K, reserved 1099776K
  class space    used 7177K, capacity 8457K, committed 8488K, reserved 1048576K
}
Event: 91040.167 GC heap before
{Heap before GC invocations=11731 (full 9):
 PSYoungGen      total 1004544K, used 989920K [0x0000000781800000, 0x00000007c0000000, 0x00000007c0000000)
  eden space 985088K, 100% used [0x0000000781800000,0x00000007bda00000,0x00000007bda00000)
  from space 19456K, 24% used [0x00000007bda00000,0x00000007bdeb80d8,0x00000007bed00000)
  to   space 18944K, 0% used [0x00000007bed80000,0x00000007bed80000,0x00000007c0000000)
 ParOldGen       total 2048000K, used 1995534K [0x0000000704800000, 0x0000000781800000, 0x0000000781800000)
  object space 2048000K, 97% used [0x0000000704800000,0x000000077e4c3bd8,0x0000000781800000)
 Metaspace       used 54117K, capacity 59425K, committed 59688K, reserved 1099776K
  class space    used 7177K, capacity 8457K, committed 8488K, reserved 1048576K
Event: 91040.216 GC heap after
Heap after GC invocations=11731 (full 9):
 PSYoungGen      total 987648K, used 18912K [0x0000000781800000, 0x00000007c0000000, 0x00000007c0000000)
  eden space 968704K, 0% used [0x0000000781800000,0x0000000781800000,0x00000007bca00000)
  from space 18944K, 99% used [0x00000007bed80000,0x00000007bfff8090,0x00000007c0000000)
  to   space 27648K, 0% used [0x00000007bca00000,0x00000007bca00000,0x00000007be500000)
 ParOldGen       total 2048000K, used 2011331K [0x0000000704800000, 0x0000000781800000, 0x0000000781800000)
  object space 2048000K, 98% used [0x0000000704800000,0x000000077f430c98,0x0000000781800000)
 Metaspace       used 54117K, capacity 59425K, committed 59688K, reserved 1099776K
  class space    used 7177K, capacity 8457K, committed 8488K, reserved 1048576K
}
Event: 91043.649 GC heap before
{Heap before GC invocations=11732 (full 9):
 PSYoungGen      total 987648K, used 987616K [0x0000000781800000, 0x00000007c0000000, 0x00000007c0000000)
  eden space 968704K, 100% used [0x0000000781800000,0x00000007bca00000,0x00000007bca00000)
  from space 18944K, 99% used [0x00000007bed80000,0x00000007bfff8090,0x00000007c0000000)
  to   space 27648K, 0% used [0x00000007bca00000,0x00000007bca00000,0x00000007be500000)
 ParOldGen       total 2048000K, used 2011331K [0x0000000704800000, 0x0000000781800000, 0x0000000781800000)
  object space 2048000K, 98% used [0x0000000704800000,0x000000077f430c98,0x0000000781800000)
 Metaspace       used 54117K, capacity 59425K, committed 59688K, reserved 1099776K
  class space    used 7177K, capacity 8457K, committed 8488K, reserved 1048576K
Event: 91044.105 GC heap after
Heap after GC invocations=11732 (full 9):
 PSYoungGen      total 987648K, used 987616K [0x0000000781800000, 0x00000007c0000000, 0x00000007c0000000)
  eden space 968704K, 100% used [0x0000000781800000,0x00000007bca00000,0x00000007bca00000)
  from space 18944K, 99% used [0x00000007bed80000,0x00000007bfff8090,0x00000007c0000000)
  to   space 27648K, 99% used [0x00000007bca00000,0x00000007be4f8060,0x00000007be500000)
 ParOldGen       total 2048000K, used 2047997K [0x0000000704800000, 0x0000000781800000, 0x0000000781800000)
  object space 2048000K, 99% used [0x0000000704800000,0x00000007817ff6a8,0x0000000781800000)
 Metaspace       used 54117K, capacity 59425K, committed 59688K, reserved 1099776K
  class space    used 7177K, capacity 8457K, committed 8488K, reserved 1048576K
}
Event: 91044.134 GC heap before
{Heap before GC invocations=11733 (full 10):
 PSYoungGen      total 987648K, used 987616K [0x0000000781800000, 0x00000007c0000000, 0x00000007c0000000)
  eden space 968704K, 100% used [0x0000000781800000,0x00000007bca00000,0x00000007bca00000)
  from space 18944K, 99% used [0x00000007bed80000,0x00000007bfff8090,0x00000007c0000000)
  to   space 27648K, 99% used [0x00000007bca00000,0x00000007be4f8060,0x00000007be500000)
 ParOldGen       total 2048000K, used 2047997K [0x0000000704800000, 0x0000000781800000, 0x0000000781800000)
  object space 2048000K, 99% used [0x0000000704800000,0x00000007817ff6a8,0x0000000781800000)
 Metaspace       used 54117K, capacity 59425K, committed 59688K, reserved 1099776K
  class space    used 7177K, capacity 8457K, committed 8488K, reserved 1048576K
Event: 91045.950 GC heap after
Heap after GC invocations=11733 (full 10):
 PSYoungGen      total 987648K, used 0K [0x0000000781800000, 0x00000007c0000000, 0x00000007c0000000)
  eden space 968704K, 0% used [0x0000000781800000,0x0000000781800000,0x00000007bca00000)
  from space 18944K, 0% used [0x00000007bed80000,0x00000007bed80000,0x00000007c0000000)
  to   space 27648K, 0% used [0x00000007bca00000,0x00000007bca00000,0x00000007be500000)
 ParOldGen       total 2048000K, used 787986K [0x0000000704800000, 0x0000000781800000, 0x0000000781800000)
  object space 2048000K, 38% used [0x0000000704800000,0x00000007349848e8,0x0000000781800000)
 Metaspace       used 54117K, capacity 59425K, committed 59688K, reserved 1099776K
  class space    used 7177K, capacity 8457K, committed 8488K, reserved 1048576K
}

