# JRE version: OpenJDK Runtime Environment (8.0_181-b13) (build 1.8.0_181-8u181-b13-2~deb9u1-b13)
# Java VM: OpenJDK 64-Bit Server VM (25.181-b13 mixed mode linux-amd64 compressed oops)
Heap:
 def new generation   total 430080K, used 134553K [0x00000000a8800000, 0x00000000c5aa0000, 0x00000000c5aa0000)
  eden space 382336K,  33% used [0x00000000a8800000, 0x00000000b0631428, 0x00000000bfd60000)
  from space 47744K,  11% used [0x00000000bfd60000, 0x00000000c02952f0, 0x00000000c2c00000)
  to   space 47744K,   0% used [0x00000000c2c00000, 0x00000000c2c00000, 0x00000000c5aa0000)
 tenured generation   total 955776K, used 833415K [0x00000000c5aa0000, 0x0000000100000000, 0x0000000100000000)
   the space 955776K,  87% used [0x00000000c5aa0000, 0x00000000f8881f50, 0x00000000f8882000, 0x0000000100000000)
 Metaspace       used 47664K, capacity 51212K, committed 51416K, reserved 1093632K
  class space    used 6277K, capacity 7161K, committed 7168K, reserved 1048576K
GC Heap History (10 events):
Event: 9188.845 GC heap before
{Heap before GC invocations=1725 (full 2):
 def new generation   total 430080K, used 386385K [0x00000000a8800000, 0x00000000c5aa0000, 0x00000000c5aa0000)
  eden space 382336K, 100% used [0x00000000a8800000, 0x00000000bfd60000, 0x00000000bfd60000)
  from space 47744K,   8% used [0x00000000c2c00000, 0x00000000c2ff4440, 0x00000000c5aa0000)
  to   space 47744K,   0% used [0x00000000bfd60000, 0x00000000bfd60000, 0x00000000c2c00000)
 tenured generation   total 955776K, used 832974K [0x00000000c5aa0000, 0x0000000100000000, 0x0000000100000000)
   the space 955776K,  87% used [0x00000000c5aa0000, 0x00000000f88138a8, 0x00000000f8813a00, 0x0000000100000000)
 Metaspace       used 47663K, capacity 51212K, committed 51416K, reserved 1093632K
  class space    used 6277K, capacity 7161K, committed 7168K, reserved 1048576K
Event: 9188.862 GC heap after
Heap after GC invocations=1726 (full 2):
 def new generation   total 430080K, used 7595K [0x00000000a8800000, 0x00000000c5aa0000, 0x00000000c5aa0000)
  eden space 382336K,   0% used [0x00000000a8800000, 0x00000000a8800000, 0x00000000bfd60000)
  from space 47744K,  15% used [0x00000000bfd60000, 0x00000000c04cad38, 0x00000000c2c00000)
  to   space 47744K,   0% used [0x00000000c2c00000, 0x00000000c2c00000, 0x00000000c5aa0000)
 tenured generation   total 955776K, used 833088K [0x00000000c5aa0000, 0x0000000100000000, 0x0000000100000000)
   the space 955776K,  87% used [0x00000000c5aa0000, 0x00000000f88302f8, 0x00000000f8830400, 0x0000000100000000)
 Metaspace       used 47663K, capacity 51212K, committed 51416K, reserved 1093632K
  class space    used 6277K, capacity 7161K, committed 7168K, reserved 1048576K
}
Event: 9194.419 GC heap before
{Heap before GC invocations=1726 (full 2):
 def new generation   total 430080K, used 389931K [0x00000000a8800000, 0x00000000c5aa0000, 0x00000000c5aa0000)
  eden space 382336K, 100% used [0x00000000a8800000, 0x00000000bfd60000, 0x00000000bfd60000)
  from space 47744K,  15% used [0x00000000bfd60000, 0x00000000c04cad38, 0x00000000c2c00000)
  to   space 47744K,   0% used [0x00000000c2c00000, 0x00000000c2c00000, 0x00000000c5aa0000)
 tenured generation   total 955776K, used 833088K [0x00000000c5aa0000, 0x0000000100000000, 0x0000000100000000)
   the space 955776K,  87% used [0x00000000c5aa0000, 0x00000000f88302f8, 0x00000000f8830400, 0x0000000100000000)
 Metaspace       used 47663K, capacity 51212K, committed 51416K, reserved 1093632K
  class space    used 6277K, capacity 7161K, committed 7168K, reserved 1048576K
Event: 9194.456 GC heap after
Heap after GC invocations=1727 (full 2):
 def new generation   total 430080K, used 4005K [0x00000000a8800000, 0x00000000c5aa0000, 0x00000000c5aa0000)
  eden space 382336K,   0% used [0x00000000a8800000, 0x00000000a8800000, 0x00000000bfd60000)
  from space 47744K,   8% used [0x00000000c2c00000, 0x00000000c2fe9450, 0x00000000c5aa0000)
  to   space 47744K,   0% used [0x00000000bfd60000, 0x00000000bfd60000, 0x00000000c2c00000)
 tenured generation   total 955776K, used 833197K [0x00000000c5aa0000, 0x0000000100000000, 0x0000000100000000)
   the space 955776K,  87% used [0x00000000c5aa0000, 0x00000000f884b718, 0x00000000f884b800, 0x0000000100000000)
 Metaspace       used 47663K, capacity 51212K, committed 51416K, reserved 1093632K
  class space    used 6277K, capacity 7161K, committed 7168K, reserved 1048576K
}
Event: 9199.840 GC heap before
{Heap before GC invocations=1727 (full 2):
 def new generation   total 430080K, used 386341K [0x00000000a8800000, 0x00000000c5aa0000, 0x00000000c5aa0000)
  eden space 382336K, 100% used [0x00000000a8800000, 0x00000000bfd60000, 0x00000000bfd60000)
  from space 47744K,   8% used [0x00000000c2c00000, 0x00000000c2fe9450, 0x00000000c5aa0000)
  to   space 47744K,   0% used [0x00000000bfd60000, 0x00000000bfd60000, 0x00000000c2c00000)
 tenured generation   total 955776K, used 833197K [0x00000000c5aa0000, 0x0000000100000000, 0x0000000100000000)
   the space 955776K,  87% used [0x00000000c5aa0000, 0x00000000f884b718, 0x00000000f884b800, 0x0000000100000000)
 Metaspace       used 47664K, capacity 51212K, committed 51416K, reserved 1093632K
  class space    used 6277K, capacity 7161K, committed 7168K, reserved 1048576K
Event: 9199.852 GC heap after
Heap after GC invocations=1728 (full 2):
 def new generation   total 430080K, used 4006K [0x00000000a8800000, 0x00000000c5aa0000, 0x00000000c5aa0000)
  eden space 382336K,   0% used [0x00000000a8800000, 0x00000000a8800000, 0x00000000bfd60000)
  from space 47744K,   8% used [0x00000000bfd60000, 0x00000000c0149b90, 0x00000000c2c00000)
  to   space 47744K,   0% used [0x00000000c2c00000, 0x00000000c2c00000, 0x00000000c5aa0000)
 tenured generation   total 955776K, used 833253K [0x00000000c5aa0000, 0x0000000100000000, 0x0000000100000000)
   the space 955776K,  87% used [0x00000000c5aa0000, 0x00000000f8859610, 0x00000000f8859800, 0x0000000100000000)
 Metaspace       used 47664K, capacity 51212K, committed 51416K, reserved 1093632K
  class space    used 6277K, capacity 7161K, committed 7168K, reserved 1048576K
}
Event: 9205.207 GC heap before
{Heap before GC invocations=1728 (full 2):
 def new generation   total 430080K, used 386342K [0x00000000a8800000, 0x00000000c5aa0000, 0x00000000c5aa0000)
  eden space 382336K, 100% used [0x00000000a8800000, 0x00000000bfd60000, 0x00000000bfd60000)
  from space 47744K,   8% used [0x00000000bfd60000, 0x00000000c0149b90, 0x00000000c2c00000)
  to   space 47744K,   0% used [0x00000000c2c00000, 0x00000000c2c00000, 0x00000000c5aa0000)
 tenured generation   total 955776K, used 833253K [0x00000000c5aa0000, 0x0000000100000000, 0x0000000100000000)
   the space 955776K,  87% used [0x00000000c5aa0000, 0x00000000f8859610, 0x00000000f8859800, 0x0000000100000000)
 Metaspace       used 47664K, capacity 51212K, committed 51416K, reserved 1093632K
  class space    used 6277K, capacity 7161K, committed 7168K, reserved 1048576K
Event: 9205.220 GC heap after
Heap after GC invocations=1729 (full 2):
 def new generation   total 430080K, used 5412K [0x00000000a8800000, 0x00000000c5aa0000, 0x00000000c5aa0000)
  eden space 382336K,   0% used [0x00000000a8800000, 0x00000000a8800000, 0x00000000bfd60000)
  from space 47744K,  11% used [0x00000000c2c00000, 0x00000000c31491f8, 0x00000000c5aa0000)
  to   space 47744K,   0% used [0x00000000bfd60000, 0x00000000bfd60000, 0x00000000c2c00000)
 tenured generation   total 955776K, used 833308K [0x00000000c5aa0000, 0x0000000100000000, 0x0000000100000000)
   the space 955776K,  87% used [0x00000000c5aa0000, 0x00000000f8867160, 0x00000000f8867200, 0x0000000100000000)
 Metaspace       used 47664K, capacity 51212K, committed 51416K, reserved 1093632K
  class space    used 6277K, capacity 7161K, committed 7168K, reserved 1048576K
}
Event: 9210.804 GC heap before
{Heap before GC invocations=1729 (full 2):
 def new generation   total 430080K, used 387748K [0x00000000a8800000, 0x00000000c5aa0000, 0x00000000c5aa0000)
  eden space 382336K, 100% used [0x00000000a8800000, 0x00000000bfd60000, 0x00000000bfd60000)
  from space 47744K,  11% used [0x00000000c2c00000, 0x00000000c31491f8, 0x00000000c5aa0000)
  to   space 47744K,   0% used [0x00000000bfd60000, 0x00000000bfd60000, 0x00000000c2c00000)
 tenured generation   total 955776K, used 833308K [0x00000000c5aa0000, 0x0000000100000000, 0x0000000100000000)
   the space 955776K,  87% used [0x00000000c5aa0000, 0x00000000f8867160, 0x00000000f8867200, 0x0000000100000000)
 Metaspace       used 47664K, capacity 51212K, committed 51416K, reserved 1093632K
  class space    used 6277K, capacity 7161K, committed 7168K, reserved 1048576K
Event: 9210.822 GC heap after
Heap after GC invocations=1730 (full 2):
 def new generation   total 430080K, used 5332K [0x00000000a8800000, 0x00000000c5aa0000, 0x00000000c5aa0000)
  eden space 382336K,   0% used [0x00000000a8800000, 0x00000000a8800000, 0x00000000bfd60000)
  from space 47744K,  11% used [0x00000000bfd60000, 0x00000000c02952f0, 0x00000000c2c00000)
  to   space 47744K,   0% used [0x00000000c2c00000, 0x00000000c2c00000, 0x00000000c5aa0000)
 tenured generation   total 955776K, used 833415K [0x00000000c5aa0000, 0x0000000100000000, 0x0000000100000000)
   the space 955776K,  87% used [0x00000000c5aa0000, 0x00000000f8881f50, 0x00000000f8882000, 0x0000000100000000)
 Metaspace       used 47664K, capacity 51212K, committed 51416K, reserved 1093632K
  class space    used 6277K, capacity 7161K, committed 7168K, reserved 1048576K
}

