# JRE version: OpenJDK Runtime Environment (8.0_181-b13) (build 1.8.0_181-8u181-b13-2~deb9u1-b13)
# Java VM: OpenJDK 64-Bit Server VM (25.181-b13 mixed mode linux-amd64 compressed oops)
Heap:
 PSYoungGen      total 1004544K, used 206050K [0x0000000781800000, 0x00000007c0000000, 0x00000007c0000000)
  eden space 988160K, 19% used [0x0000000781800000,0x000000078d600920,0x00000007bdd00000)
  from space 16384K, 70% used [0x00000007bf000000,0x00000007bfb38090,0x00000007c0000000)
  to   space 17920K, 0% used [0x00000007bdd00000,0x00000007bdd00000,0x00000007bee80000)
 ParOldGen       total 2048000K, used 552663K [0x0000000704800000, 0x0000000781800000, 0x0000000781800000)
  object space 2048000K, 26% used [0x0000000704800000,0x00000007263b5f70,0x0000000781800000)
 Metaspace       used 52924K, capacity 57905K, committed 58024K, reserved 1099776K
  class space    used 7103K, capacity 8343K, committed 8368K, reserved 1048576K
GC Heap History (10 events):
Event: 174948.983 GC heap before
{Heap before GC invocations=12111 (full 8):
 PSYoungGen      total 1001984K, used 980608K [0x0000000781800000, 0x00000007c0000000, 0x00000007c0000000)
  eden space 980480K, 100% used [0x0000000781800000,0x00000007bd580000,0x00000007bd580000)
  from space 21504K, 0% used [0x00000007bd580000,0x00000007bd5a0000,0x00000007bea80000)
  to   space 20480K, 0% used [0x00000007bec00000,0x00000007bec00000,0x00000007c0000000)
 ParOldGen       total 2048000K, used 552207K [0x0000000704800000, 0x0000000781800000, 0x0000000781800000)
  object space 2048000K, 26% used [0x0000000704800000,0x0000000726343f28,0x0000000781800000)
 Metaspace       used 52924K, capacity 57905K, committed 58024K, reserved 1099776K
  class space    used 7103K, capacity 8343K, committed 8368K, reserved 1048576K
Event: 174949.049 GC heap after
Heap after GC invocations=12111 (full 8):
 PSYoungGen      total 1004544K, used 832K [0x0000000781800000, 0x00000007c0000000, 0x00000007c0000000)
  eden space 984064K, 0% used [0x0000000781800000,0x0000000781800000,0x00000007bd900000)
  from space 20480K, 4% used [0x00000007bec00000,0x00000007becd0048,0x00000007c0000000)
  to   space 19456K, 0% used [0x00000007bd900000,0x00000007bd900000,0x00000007bec00000)
 ParOldGen       total 2048000K, used 552231K [0x0000000704800000, 0x0000000781800000, 0x0000000781800000)
  object space 2048000K, 26% used [0x0000000704800000,0x0000000726349f28,0x0000000781800000)
 Metaspace       used 52924K, capacity 57905K, committed 58024K, reserved 1099776K
  class space    used 7103K, capacity 8343K, committed 8368K, reserved 1048576K
}
Event: 174953.491 GC heap before
{Heap before GC invocations=12112 (full 8):
 PSYoungGen      total 1004544K, used 984896K [0x0000000781800000, 0x00000007c0000000, 0x00000007c0000000)
  eden space 984064K, 100% used [0x0000000781800000,0x00000007bd900000,0x00000007bd900000)
  from space 20480K, 4% used [0x00000007bec00000,0x00000007becd0048,0x00000007c0000000)
  to   space 19456K, 0% used [0x00000007bd900000,0x00000007bd900000,0x00000007bec00000)
 ParOldGen       total 2048000K, used 552231K [0x0000000704800000, 0x0000000781800000, 0x0000000781800000)
  object space 2048000K, 26% used [0x0000000704800000,0x0000000726349f28,0x0000000781800000)
 Metaspace       used 52924K, capacity 57905K, committed 58024K, reserved 1099776K
  class space    used 7103K, capacity 8343K, committed 8368K, reserved 1048576K
Event: 174953.560 GC heap after
Heap after GC invocations=12112 (full 8):
 PSYoungGen      total 1003520K, used 256K [0x0000000781800000, 0x00000007c0000000, 0x00000007c0000000)
  eden space 984064K, 0% used [0x0000000781800000,0x0000000781800000,0x00000007bd900000)
  from space 19456K, 1% used [0x00000007bd900000,0x00000007bd940000,0x00000007bec00000)
  to   space 18432K, 0% used [0x00000007bee00000,0x00000007bee00000,0x00000007c0000000)
 ParOldGen       total 2048000K, used 552487K [0x0000000704800000, 0x0000000781800000, 0x0000000781800000)
  object space 2048000K, 26% used [0x0000000704800000,0x0000000726389f70,0x0000000781800000)
 Metaspace       used 52924K, capacity 57905K, committed 58024K, reserved 1099776K
  class space    used 7103K, capacity 8343K, committed 8368K, reserved 1048576K
}
Event: 174958.024 GC heap before
{Heap before GC invocations=12113 (full 8):
 PSYoungGen      total 1003520K, used 984320K [0x0000000781800000, 0x00000007c0000000, 0x00000007c0000000)
  eden space 984064K, 100% used [0x0000000781800000,0x00000007bd900000,0x00000007bd900000)
  from space 19456K, 1% used [0x00000007bd900000,0x00000007bd940000,0x00000007bec00000)
  to   space 18432K, 0% used [0x00000007bee00000,0x00000007bee00000,0x00000007c0000000)
 ParOldGen       total 2048000K, used 552487K [0x0000000704800000, 0x0000000781800000, 0x0000000781800000)
  object space 2048000K, 26% used [0x0000000704800000,0x0000000726389f70,0x0000000781800000)
 Metaspace       used 52924K, capacity 57905K, committed 58024K, reserved 1099776K
  class space    used 7103K, capacity 8343K, committed 8368K, reserved 1048576K
Event: 174958.033 GC heap after
Heap after GC invocations=12113 (full 8):
 PSYoungGen      total 1006592K, used 992K [0x0000000781800000, 0x00000007c0000000, 0x00000007c0000000)
  eden space 988160K, 0% used [0x0000000781800000,0x0000000781800000,0x00000007bdd00000)
  from space 18432K, 5% used [0x00000007bee00000,0x00000007beef8000,0x00000007c0000000)
  to   space 17408K, 0% used [0x00000007bdd00000,0x00000007bdd00000,0x00000007bee00000)
 ParOldGen       total 2048000K, used 552615K [0x0000000704800000, 0x0000000781800000, 0x0000000781800000)
  object space 2048000K, 26% used [0x0000000704800000,0x00000007263a9f70,0x0000000781800000)
 Metaspace       used 52924K, capacity 57905K, committed 58024K, reserved 1099776K
  class space    used 7103K, capacity 8343K, committed 8368K, reserved 1048576K
}
Event: 174962.836 GC heap before
{Heap before GC invocations=12114 (full 8):
 PSYoungGen      total 1006592K, used 989152K [0x0000000781800000, 0x00000007c0000000, 0x00000007c0000000)
  eden space 988160K, 100% used [0x0000000781800000,0x00000007bdd00000,0x00000007bdd00000)
  from space 18432K, 5% used [0x00000007bee00000,0x00000007beef8000,0x00000007c0000000)
  to   space 17408K, 0% used [0x00000007bdd00000,0x00000007bdd00000,0x00000007bee00000)
 ParOldGen       total 2048000K, used 552615K [0x0000000704800000, 0x0000000781800000, 0x0000000781800000)
  object space 2048000K, 26% used [0x0000000704800000,0x00000007263a9f70,0x0000000781800000)
 Metaspace       used 52924K, capacity 57905K, committed 58024K, reserved 1099776K
  class space    used 7103K, capacity 8343K, committed 8368K, reserved 1048576K
Event: 174962.862 GC heap after
Heap after GC invocations=12114 (full 8):
 PSYoungGen      total 1005568K, used 1696K [0x0000000781800000, 0x00000007c0000000, 0x00000007c0000000)
  eden space 988160K, 0% used [0x0000000781800000,0x0000000781800000,0x00000007bdd00000)
  from space 17408K, 9% used [0x00000007bdd00000,0x00000007bdea8000,0x00000007bee00000)
  to   space 16384K, 0% used [0x00000007bf000000,0x00000007bf000000,0x00000007c0000000)
 ParOldGen       total 2048000K, used 552663K [0x0000000704800000, 0x0000000781800000, 0x0000000781800000)
  object space 2048000K, 26% used [0x0000000704800000,0x00000007263b5f70,0x0000000781800000)
 Metaspace       used 52924K, capacity 57905K, committed 58024K, reserved 1099776K
  class space    used 7103K, capacity 8343K, committed 8368K, reserved 1048576K
}
Event: 174971.558 GC heap before
{Heap before GC invocations=12115 (full 8):
 PSYoungGen      total 1005568K, used 989856K [0x0000000781800000, 0x00000007c0000000, 0x00000007c0000000)
  eden space 988160K, 100% used [0x0000000781800000,0x00000007bdd00000,0x00000007bdd00000)
  from space 17408K, 9% used [0x00000007bdd00000,0x00000007bdea8000,0x00000007bee00000)
  to   space 16384K, 0% used [0x00000007bf000000,0x00000007bf000000,0x00000007c0000000)
 ParOldGen       total 2048000K, used 552663K [0x0000000704800000, 0x0000000781800000, 0x0000000781800000)
  object space 2048000K, 26% used [0x0000000704800000,0x00000007263b5f70,0x0000000781800000)
 Metaspace       used 52924K, capacity 57905K, committed 58024K, reserved 1099776K
  class space    used 7103K, capacity 8343K, committed 8368K, reserved 1048576K
Event: 174972.879 GC heap after
Heap after GC invocations=12115 (full 8):
 PSYoungGen      total 1004544K, used 11488K [0x0000000781800000, 0x00000007c0000000, 0x00000007c0000000)
  eden space 988160K, 0% used [0x0000000781800000,0x0000000781800000,0x00000007bdd00000)
  from space 16384K, 70% used [0x00000007bf000000,0x00000007bfb38090,0x00000007c0000000)
  to   space 17920K, 0% used [0x00000007bdd00000,0x00000007bdd00000,0x00000007bee80000)
 ParOldGen       total 2048000K, used 552663K [0x0000000704800000, 0x0000000781800000, 0x0000000781800000)
  object space 2048000K, 26% used [0x0000000704800000,0x00000007263b5f70,0x0000000781800000)
 Metaspace       used 52924K, capacity 57905K, committed 58024K, reserved 1099776K
  class space    used 7103K, capacity 8343K, committed 8368K, reserved 1048576K
}

